Base path: 'C:/Program Files/Unity/Hub/Editor/2019.4.18f1/Editor/Data', plugins path 'C:/Program Files/Unity/Hub/Editor/2019.4.18f1/Editor/Data/PlaybackEngines'
Cmd: initializeCompiler
Cmd: preprocess
  insize=5190 outsize=774 ok=1
Cmd: preprocess
  insize=2209 outsize=370 ok=1
Cmd: preprocess
  insize=5226 outsize=773 ok=1
Cmd: preprocess
  insize=4797 outsize=636 ok=1
Cmd: preprocess
  insize=1706 outsize=281 ok=1
Cmd: preprocess
  insize=1426 outsize=275 ok=1
Cmd: preprocess
  insize=5236 outsize=774 ok=1
Cmd: preprocess
  insize=8966 outsize=1058 ok=1
Cmd: preprocess
  insize=8972 outsize=1058 ok=1
Cmd: preprocess
  insize=9212 outsize=1162 ok=1
Cmd: preprocess
  insize=9210 outsize=1162 ok=1
Cmd: preprocess
  insize=9212 outsize=1162 ok=1
Cmd: preprocess
  insize=9212 outsize=1162 ok=1
Cmd: preprocess
  insize=1707 outsize=1232 ok=1
Cmd: preprocess
  insize=8999 outsize=1162 ok=1
Cmd: preprocess
  insize=1705 outsize=1230 ok=1
Cmd: preprocess
  insize=8997 outsize=1160 ok=1
Cmd: preprocess
  insize=9003 outsize=1162 ok=1
Cmd: compileSnippet
  error: 2 plat 4 at (201): invalid subscript 'normalDir'\nCompiling Vertex program with UNITY_PASS_FORWARDBASE
Platform defines: UNITY_ENABLE_REFLECTION_BUFFERS UNITY_USE_DITHER_MASK_FOR_ALPHABLENDED_SHADOWS UNITY_PBS_USE_BRDF1 UNITY_SPECCUBE_BOX_PROJECTION UNITY_SPECCUBE_BLENDING UNITY_ENABLE_DETAIL_NORMALMAP SHADER_API_DESKTOP UNITY_COLORSPACE_GAMMA UNITY_LIGHT_PROBE_PROXY_VOLUME UNITY_LIGHTMAP_FULL_HDR
  api=4 type=0 insize=8281 outsize=0 kw=UNITY_PASS_FORWARDBASE pd=UNITY_ENABLE_REFLECTION_BUFFERS UNITY_USE_DITHER_MASK_FOR_ALPHABLENDED_SHADOWS UNITY_PBS_USE_BRDF1 UNITY_SPECCUBE_BOX_PROJECTION UNITY_SPECCUBE_BLENDING UNITY_ENABLE_DETAIL_NORMALMAP SHADER_API_DESKTOP UNITY_COLORSPACE_GAMMA UNITY_LIGHT_PROBE_PROXY_VOLUME UNITY_LIGHTMAP_FULL_HDR ok=0
Cmd: compileSnippet
  error: 2 plat 4 at (201): invalid subscript 'normalDir'\nCompiling Fragment program with UNITY_PASS_FORWARDBASE
Platform defines: UNITY_ENABLE_REFLECTION_BUFFERS UNITY_USE_DITHER_MASK_FOR_ALPHABLENDED_SHADOWS UNITY_PBS_USE_BRDF1 UNITY_SPECCUBE_BOX_PROJECTION UNITY_SPECCUBE_BLENDING UNITY_ENABLE_DETAIL_NORMALMAP SHADER_API_DESKTOP UNITY_COLORSPACE_GAMMA UNITY_LIGHT_PROBE_PROXY_VOLUME UNITY_LIGHTMAP_FULL_HDR
  api=4 type=1 insize=8281 outsize=0 kw=UNITY_PASS_FORWARDBASE pd=UNITY_ENABLE_REFLECTION_BUFFERS UNITY_USE_DITHER_MASK_FOR_ALPHABLENDED_SHADOWS UNITY_PBS_USE_BRDF1 UNITY_SPECCUBE_BOX_PROJECTION UNITY_SPECCUBE_BLENDING UNITY_ENABLE_DETAIL_NORMALMAP SHADER_API_DESKTOP UNITY_COLORSPACE_GAMMA UNITY_LIGHT_PROBE_PROXY_VOLUME UNITY_LIGHTMAP_FULL_HDR ok=0
Cmd: preprocess
  insize=8999 outsize=1162 ok=1
Cmd: preprocess
  insize=8999 outsize=1162 ok=1
